<?xml version="1.0" encoding="UTF-8"?>
<!-- Generated by org.testng.reporters.JUnitXMLReporter -->
<testsuite ignored="0" hostname="LAPTOP-TA55IDD4" failures="1" tests="1" name="Sprint_02-Chrome" time="40.078" errors="0" timestamp="2022-11-18T21:49:13 GMT">
  <testcase classname="Amazon.Amazonown" name="f" time="21.299">
    <failure type="java.lang.AssertionError" message="The following asserts failed:
	expected [Sell on Amazon1] but found [Sell on Amazon]">
      <![CDATA[java.lang.AssertionError: The following asserts failed:
expected [Sell on Amazon1] but found [Sell on Amazon]
at Amazon.Amazonown.f(Amazonown.java:34)
at java.base/java.util.ArrayList.forEach(ArrayList.java:1541)
at java.base/java.util.concurrent.FutureTask.run(FutureTask.java:264)
at java.base/java.util.concurrent.ThreadPoolExecutor.runWorker(ThreadPoolExecutor.java:1128)
at java.base/java.util.concurrent.ThreadPoolExecutor$Worker.run(ThreadPoolExecutor.java:628)
at java.base/java.lang.Thread.run(Thread.java:834)
... Removed 20 stack frames]]>
    </failure>
  </testcase> <!-- f -->
</testsuite> <!-- Sprint_02-Chrome -->
