<?xml version="1.0" encoding="UTF-8"?>
<!-- Generated by org.testng.reporters.JUnitXMLReporter -->
<testsuite ignored="0" hostname="LAPTOP-TA55IDD4" failures="1" tests="1" name="Sprint_02" time="20.979" errors="0" timestamp="2022-11-18T21:27:38 GMT">
  <testcase classname="Amazon.Amazonown" name="f" time="10.678">
    <failure type="java.lang.AssertionError" message="The following asserts failed:
	expected [Sell on Amazon1] but found [Sell on Amazon]">
      <![CDATA[java.lang.AssertionError: The following asserts failed:
expected [Sell on Amazon1] but found [Sell on Amazon]
at Amazon.Amazonown.f(Amazonown.java:34)
at java.base/java.util.ArrayList.forEach(ArrayList.java:1541)
... Removed 29 stack frames]]>
    </failure>
  </testcase> <!-- f -->
</testsuite> <!-- Sprint_02 -->
